\BOOKMARK [1][-]{section.1}{\376\377\000I\000n\000t\000r\000o\000d\000u\000c\000c\000i\000\363\000n}{}% 1
\BOOKMARK [2][-]{subsection.1.1}{\376\377\000O\000b\000j\000e\000t\000i\000v\000o\000s\000\040\000d\000e\000l\000\040\000t\000r\000a\000b\000a\000j\000o\000\040\000d\000e\000\040\000t\000e\000s\000i\000s}{section.1}% 2
\BOOKMARK [2][-]{subsection.1.2}{\376\377\000M\000e\000t\000a\000s}{section.1}% 3
\BOOKMARK [1][-]{section.2}{\376\377\000M\000a\000r\000c\000o\000\040\000c\000o\000n\000c\000e\000p\000t\000u\000a\000l}{}% 4
\BOOKMARK [1][-]{section.3}{\376\377\000E\000s\000t\000a\000d\000o\000\040\000d\000e\000l\000\040\000a\000r\000t\000e}{}% 5
\BOOKMARK [1][-]{section.4}{\376\377\000R\000e\000s\000u\000l\000t\000a\000d\000o\000s}{}% 6
\BOOKMARK [2][-]{subsection.4.1}{\376\377\000D\000i\000s\000e\000\361\000o\000\040\000d\000e\000\040\000e\000x\000p\000e\000r\000i\000m\000e\000n\000t\000o\000s}{section.4}% 7
\BOOKMARK [3][-]{subsubsection.4.1.1}{\376\377\000V\000a\000r\000i\000a\000b\000l\000e\000s}{subsection.4.1}% 8
\BOOKMARK [3][-]{subsubsection.4.1.2}{\376\377\000D\000i\000s\000e\000\361\000o\000\040\000f\000a\000c\000t\000o\000r\000i\000a\000l\000\040\000d\000e\000l\000\040\000p\000r\000e\000t\000r\000a\000t\000a\000m\000i\000e\000n\000t\000o\000\040\000B\000i\000o\000l\000\363\000g\000i\000c\000o}{subsection.4.1}% 9
\BOOKMARK [3][-]{subsubsection.4.1.3}{\376\377\000D\000i\000s\000e\000\361\000o\000\040\000f\000a\000c\000t\000o\000r\000i\000a\000l\000\040\000d\000e\000l\000\040\000p\000r\000e\000t\000r\000a\000t\000a\000m\000i\000e\000n\000t\000o\000\040\000A\000l\000c\000a\000l\000i\000n\000o}{subsection.4.1}% 10
\BOOKMARK [3][-]{subsubsection.4.1.4}{\376\377\000D\000i\000s\000e\000\361\000o\000\040\000d\000e\000\040\000e\000x\000p\000e\000r\000i\000m\000e\000n\000t\000o\000s\000\040\000p\000a\000r\000a\000\040\000l\000a\000\040\000c\000o\000n\000f\000i\000g\000u\000r\000a\000c\000i\000\363\000n\000:\000\040\000s\000a\000c\000a\000r\000i\000f\000i\000c\000a\000c\000i\000\363\000n\000\040\000y\000\040\000f\000e\000r\000m\000e\000n\000t\000a\000c\000i\000\363\000n\000\040\000s\000i\000m\000u\000l\000t\000a\000n\000e\000a\000s\000\040\000\050\000S\000S\000F\000\051}{subsection.4.1}% 11
\BOOKMARK [3][-]{subsubsection.4.1.5}{\376\377\000D\000i\000s\000e\000\361\000o\000\040\000F\000a\000c\000t\000o\000r\000i\000a\000l\000\040\000d\000e\000\040\000l\000o\000s\000\040\000p\000r\000e\000t\000r\000a\000t\000a\000m\000i\000e\000n\000t\000o\000s}{subsection.4.1}% 12
\BOOKMARK [2][-]{subsection.4.2}{\376\377\000I\000m\000p\000l\000e\000m\000e\000n\000t\000a\000c\000i\000\363\000n}{section.4}% 13
\BOOKMARK [3][-]{subsubsection.4.2.1}{\376\377\000P\000r\000e\000-\000P\000r\000e\000t\000r\000a\000t\000a\000m\000i\000e\000n\000t\000o}{subsection.4.2}% 14
\BOOKMARK [3][-]{subsubsection.4.2.2}{\376\377\000P\000r\000e\000t\000r\000a\000t\000a\000m\000i\000e\000n\000t\000o\000\040\000A\000l\000c\000a\000l\000i\000n\000o}{subsection.4.2}% 15
\BOOKMARK [3][-]{subsubsection.4.2.3}{\376\377\000P\000r\000e\000t\000r\000a\000t\000a\000m\000i\000e\000n\000t\000o\000\040\000B\000i\000o\000l\000\363\000g\000i\000c\000o}{subsection.4.2}% 16
\BOOKMARK [3][-]{subsubsection.4.2.4}{\376\377\000A\000c\000o\000n\000d\000i\000c\000i\000o\000n\000a\000m\000i\000e\000n\000t\000o\000\040\000p\000a\000r\000a\000\040\000e\000l\000\040\000p\000r\000e\000t\000r\000a\000t\000a\000m\000i\000e\000n\000t\000o}{subsection.4.2}% 17
\BOOKMARK [3][-]{subsubsection.4.2.5}{\376\377\000H\000i\000d\000r\000\363\000l\000i\000s\000i\000s\000\040\000y\000\040\000f\000e\000r\000m\000e\000n\000t\000a\000c\000i\000\363\000n}{subsection.4.2}% 18
\BOOKMARK [2][-]{subsection.4.3}{\376\377\000R\000e\000s\000u\000l\000t\000a\000d\000o\000s\000\040\000e\000x\000p\000e\000r\000i\000m\000e\000n\000t\000a\000l\000e\000s\000\040\000d\000e\000l\000\040\000p\000r\000o\000c\000e\000s\000o\000\040\000d\000e\000\040\000p\000r\000o\000d\000u\000c\000c\000i\000\363\000n\000\040\000d\000e\000\040\000b\000i\000o\000e\000t\000a\000n\000o\000l\000\040\000c\000o\000n\000\040\000p\000r\000e\000t\000r\000a\000t\000a\000m\000i\000e\000n\000t\000o\000\040\000A\000l\000c\000a\000l\000i\000n\000o}{section.4}% 19
\BOOKMARK [3][-]{subsubsection.4.3.1}{\376\377\000P\000r\000e\000t\000r\000a\000t\000a\000m\000i\000e\000n\000t\000o\000\040\000A\000l\000c\000a\000l\000i\000n\000o}{subsection.4.3}% 20
\BOOKMARK [3][-]{subsubsection.4.3.2}{\376\377\000\040\000H\000i\000d\000r\000\363\000l\000i\000s\000i\000s\000\040\000y\000\040\000f\000e\000r\000m\000e\000n\000t\000a\000c\000i\000\363\000n\000\040\000p\000a\000r\000a\000\040\000p\000r\000e\000t\000r\000a\000t\000a\000m\000i\000e\000n\000t\000o\000\040\000A\000l\000c\000a\000l\000i\000n\000o}{subsection.4.3}% 21
\BOOKMARK [2][-]{subsection.4.4}{\376\377\000R\000e\000s\000u\000l\000t\000a\000d\000o\000s\000\040\000e\000x\000p\000e\000r\000i\000m\000e\000n\000t\000a\000l\000e\000s\000\040\000d\000e\000l\000\040\000p\000r\000o\000c\000e\000s\000o\000\040\000d\000e\000\040\000p\000r\000o\000d\000u\000c\000c\000i\000\363\000n\000\040\000d\000e\000\040\000b\000i\000o\000e\000t\000a\000n\000o\000l\000\040\000c\000o\000n\000\040\000p\000r\000e\000t\000r\000a\000t\000a\000m\000i\000e\000n\000t\000o\000\040\000B\000i\000o\000l\000\363\000g\000i\000c\000o}{section.4}% 22
\BOOKMARK [3][-]{subsubsection.4.4.1}{\376\377\000P\000r\000e\000t\000r\000a\000t\000a\000m\000i\000e\000n\000t\000o\000\040\000B\000i\000o\000l\000\363\000g\000i\000c\000o}{subsection.4.4}% 23
\BOOKMARK [3][-]{subsubsection.4.4.2}{\376\377\000\040\000H\000i\000d\000r\000\363\000l\000i\000s\000i\000s\000\040\000y\000\040\000f\000e\000r\000m\000e\000n\000t\000a\000c\000i\000\363\000n\000\040\000p\000a\000r\000a\000\040\000p\000r\000e\000t\000r\000a\000t\000a\000m\000i\000e\000n\000t\000o\000\040\000B\000i\000o\000l\000\363\000g\000i\000c\000o}{subsection.4.4}% 24
\BOOKMARK [2][-]{subsection.4.5}{\376\377\000C\000o\000m\000p\000a\000r\000a\000t\000i\000v\000a\000\040\000d\000e\000\040\000l\000o\000s\000\040\000r\000e\000s\000u\000l\000t\000a\000d\000o\000s\000\040\000e\000x\000p\000e\000r\000i\000m\000e\000n\000t\000a\000l\000e\000s}{section.4}% 25
\BOOKMARK [2][-]{subsection.4.6}{\376\377\000C\000o\000s\000t\000o\000s\000\040\000e\000n\000\040\000l\000a\000\040\000p\000r\000o\000d\000u\000c\000c\000i\000\363\000n\000\040\000d\000e\000\040\000b\000i\000o\000e\000t\000a\000n\000o\000l}{section.4}% 26
\BOOKMARK [3][-]{subsubsection.4.6.1}{\376\377\000C\000o\000s\000t\000o\000s\000\040\000e\000n\000\040\000l\000a\000\040\000p\000r\000o\000d\000u\000c\000c\000i\000\363\000n\000\040\000d\000e\000\040\000b\000i\000o\000e\000t\000a\000n\000o\000l\000\040\000c\000o\000n\000\040\000p\000r\000e\000t\000r\000a\000t\000a\000m\000i\000e\000n\000t\000o\000\040\000A\000l\000c\000a\000l\000i\000n\000o}{subsection.4.6}% 27
\BOOKMARK [3][-]{subsubsection.4.6.2}{\376\377\000C\000o\000s\000t\000o\000s\000\040\000e\000n\000\040\000l\000a\000\040\000p\000r\000o\000d\000u\000c\000c\000i\000\363\000n\000\040\000d\000e\000\040\000b\000i\000o\000e\000t\000a\000n\000o\000l\000\040\000s\000o\000l\000o\000\040\000p\000a\000r\000a\000\040\000p\000r\000e\000t\000r\000a\000t\000a\000m\000i\000e\000n\000t\000o\000\040\000b\000i\000o\000l\000\363\000g\000i\000c\000o}{subsection.4.6}% 28
\BOOKMARK [3][-]{subsubsection.4.6.3}{\376\377\000C\000o\000s\000t\000o\000s\000\040\000e\000n\000\040\000l\000a\000\040\000p\000r\000o\000d\000u\000c\000c\000i\000\363\000n\000\040\000d\000e\000\040\000b\000i\000o\000e\000t\000a\000n\000o\000l\000\040\000e\000n\000\040\000l\000a\000\040\000e\000t\000a\000p\000a\000\040\000d\000e\000\040\000h\000i\000d\000r\000\363\000l\000i\000s\000i\000s\000\040\000y\000\040\000f\000e\000r\000m\000e\000n\000t\000a\000c\000i\000\363\000n}{subsection.4.6}% 29
\BOOKMARK [1][-]{section*.57}{\376\377\000R\000e\000f\000e\000r\000e\000n\000c\000i\000a\000s}{}% 30
\BOOKMARK [0][-]{section*.57}{\376\377\000B\000i\000b\000l\000i\000o\000g\000r\000a\000f\000\355\000a}{}% 31
\BOOKMARK [0][-]{section*.58}{\376\377\000A\000n\000e\000x\000o\000s}{}% 32
\BOOKMARK [1][-]{appendix.Alph1}{\376\377\000M\000a\000r\000c\000o\000\040\000c\000o\000n\000c\000e\000p\000t\000u\000a\000l}{section*.58}% 33
\BOOKMARK [2][-]{subsection.Alph1.1}{\376\377\000B\000i\000o\000e\000t\000a\000n\000o\000l\000\040\000d\000e\000\040\000s\000e\000g\000u\000n\000d\000a\000\040\000g\000e\000n\000e\000r\000a\000c\000i\000\363\000n}{appendix.Alph1}% 34
\BOOKMARK [2][-]{subsection.Alph1.2}{\376\377\000D\000e\000f\000i\000n\000i\000c\000i\000\363\000n\000\040\000d\000e\000\040\000c\000o\000n\000c\000e\000p\000t\000o\000s\000\040}{appendix.Alph1}% 35
\BOOKMARK [3][-]{subsubsection.Alph1.2.1}{\376\377\000E\000t\000a\000n\000o\000l}{subsection.Alph1.2}% 36
\BOOKMARK [3][-]{subsubsection.Alph1.2.2}{\376\377\000B\000i\000o\000m\000a\000s\000a}{subsection.Alph1.2}% 37
\BOOKMARK [3][-]{subsubsection.Alph1.2.3}{\376\377\000B\000a\000g\000a\000z\000o\000\040\000d\000e\000\040\000c\000a\000\361\000a}{subsection.Alph1.2}% 38
\BOOKMARK [3][-]{subsubsection.Alph1.2.4}{\376\377\000L\000i\000g\000n\000o\000c\000e\000l\000u\000l\000o\000s\000a}{subsection.Alph1.2}% 39
\BOOKMARK [3][-]{subsubsection.Alph1.2.5}{\376\377\000P\000r\000e\000t\000r\000a\000t\000a\000m\000i\000e\000n\000t\000o}{subsection.Alph1.2}% 40
\BOOKMARK [3][-]{subsubsection.Alph1.2.6}{\376\377\000H\000i\000d\000r\000\363\000l\000i\000s\000i\000s}{subsection.Alph1.2}% 41
\BOOKMARK [3][-]{subsubsection.Alph1.2.7}{\376\377\000F\000e\000r\000m\000e\000n\000t\000a\000c\000i\000\363\000n}{subsection.Alph1.2}% 42
\BOOKMARK [2][-]{subsection.Alph1.3}{\376\377\000C\000o\000n\000f\000i\000g\000u\000r\000a\000c\000i\000o\000n\000e\000s\000\040\000e\000n\000\040\000l\000a\000\040\000p\000r\000o\000d\000u\000c\000c\000i\000\363\000n\000\040\000d\000e\000\040\000b\000i\000o\000e\000t\000a\000n\000o\000l}{appendix.Alph1}% 43
\BOOKMARK [3][-]{subsubsection.Alph1.3.1}{\376\377\000S\000a\000c\000a\000r\000i\000f\000i\000c\000a\000c\000i\000\363\000n\000\040\000e\000n\000z\000i\000m\000\341\000t\000i\000c\000a\000\040\000d\000e\000\040\000l\000a\000\040\000b\000i\000o\000m\000a\000s\000a\000\040\000p\000r\000e\000t\000r\000a\000t\000a\000d\000a\000\040\000y\000\040\000l\000a\000\040\000f\000e\000r\000m\000e\000n\000t\000a\000c\000i\000\363\000n\000\040\000s\000e\000p\000a\000r\000a\000d\000a\000s}{subsection.Alph1.3}% 44
\BOOKMARK [3][-]{subsubsection.Alph1.3.2}{\376\377\000S\000a\000c\000a\000r\000i\000f\000i\000c\000a\000c\000i\000\363\000n\000\040\000y\000\040\000f\000e\000r\000m\000e\000n\000t\000a\000c\000i\000\363\000n\000\040\000s\000i\000m\000u\000l\000t\000\341\000n\000e\000a\000s}{subsection.Alph1.3}% 45
\BOOKMARK [2][-]{subsection.Alph1.4}{\376\377\000P\000r\000o\000c\000e\000s\000o\000\040\000d\000e\000\040\000o\000b\000t\000e\000n\000c\000i\000\363\000n\000\040}{appendix.Alph1}% 46
\BOOKMARK [2][-]{subsection.Alph1.5}{\376\377\000P\000r\000e\000t\000r\000a\000t\000a\000m\000i\000e\000n\000t\000o\000s}{appendix.Alph1}% 47
\BOOKMARK [3][-]{subsubsection.Alph1.5.1}{\376\377\000P\000r\000e\000t\000r\000a\000t\000a\000m\000i\000e\000n\000t\000o\000\040\000a\000l\000c\000a\000l\000i\000n\000o}{subsection.Alph1.5}% 48
\BOOKMARK [3][-]{subsubsection.Alph1.5.2}{\376\377\000P\000r\000e\000t\000r\000a\000t\000a\000m\000i\000e\000n\000t\000o\000\040\000b\000i\000o\000l\000\363\000g\000i\000c\000o\000\040}{subsection.Alph1.5}% 49
\BOOKMARK [2][-]{subsection.Alph1.6}{\376\377\000P\000r\000o\000c\000e\000s\000o\000\040\000d\000e\000\040\000o\000b\000t\000e\000n\000c\000i\000\363\000n\000\040}{appendix.Alph1}% 50
\BOOKMARK [2][-]{subsection.Alph1.7}{\376\377\000R\000e\000a\000c\000t\000o\000r\000e\000s\000\040\000t\000i\000p\000o\000\040\000B\000a\000t\000c\000h\000\040}{appendix.Alph1}% 51
\BOOKMARK [1][-]{appendix.Alph2}{\376\377\000E\000s\000t\000a\000d\000o\000\040\000d\000e\000l\000\040\000a\000r\000t\000e}{section*.58}% 52
\BOOKMARK [2][-]{subsection.Alph2.1}{\376\377\000T\000e\000c\000n\000o\000l\000o\000g\000\355\000a\000\040\000d\000e\000\040\000b\000i\000o\000e\000t\000a\000n\000o\000l\000\040\000d\000e\000\040\000s\000e\000g\000u\000n\000d\000a\000\040\000g\000e\000n\000e\000r\000a\000c\000i\000\363\000n}{appendix.Alph2}% 53
\BOOKMARK [2][-]{subsection.Alph2.2}{\376\377\000P\000r\000e\000t\000r\000a\000t\000a\000m\000i\000e\000n\000t\000o\000s\000\040}{appendix.Alph2}% 54
\BOOKMARK [3][-]{subsubsection.Alph2.2.1}{\376\377\000P\000r\000e\000t\000r\000a\000t\000a\000m\000i\000e\000n\000t\000o\000\040\000a\000l\000c\000a\000l\000i\000n\000o\000\040}{subsection.Alph2.2}% 55
\BOOKMARK [3][-]{subsubsection.Alph2.2.2}{\376\377\000P\000r\000e\000t\000r\000a\000t\000a\000m\000i\000e\000n\000t\000o\000\040\000b\000i\000o\000l\000\363\000g\000i\000c\000o\000\040}{subsection.Alph2.2}% 56
\BOOKMARK [3][-]{subsubsection.Alph2.2.3}{\376\377\000O\000t\000r\000o\000s\000\040\000p\000r\000e\000t\000r\000a\000t\000a\000m\000i\000e\000n\000t\000o\000s\000\040}{subsection.Alph2.2}% 57
\BOOKMARK [2][-]{subsection.Alph2.3}{\376\377\000C\000o\000n\000f\000i\000g\000u\000r\000a\000c\000i\000o\000n\000e\000s\000\040\000e\000n\000\040\000l\000a\000\040\000p\000r\000o\000d\000u\000c\000c\000i\000\363\000n\000\040\000d\000e\000\040\000b\000i\000o\000e\000t\000a\000n\000o\000l}{appendix.Alph2}% 58
\BOOKMARK [3][-]{subsubsection.Alph2.3.1}{\376\377\000S\000a\000c\000a\000r\000i\000f\000i\000c\000a\000c\000i\000\363\000n\000\040\000e\000n\000z\000i\000m\000\341\000t\000i\000c\000a\000\040\000d\000e\000\040\000l\000a\000\040\000b\000i\000o\000m\000a\000s\000a\000\040\000p\000r\000e\000t\000r\000a\000t\000a\000d\000a\000\040\000y\000\040\000l\000a\000\040\000f\000e\000r\000m\000e\000n\000t\000a\000c\000i\000\363\000n\000\040\000s\000e\000p\000a\000r\000a\000d\000a\000s\000\040}{subsection.Alph2.3}% 59
\BOOKMARK [3][-]{subsubsection.Alph2.3.2}{\376\377\000S\000a\000c\000a\000r\000i\000f\000i\000c\000a\000c\000i\000\363\000n\000\040\000y\000\040\000f\000e\000r\000m\000e\000n\000t\000a\000c\000i\000\363\000n\000\040\000s\000i\000m\000u\000l\000t\000\341\000n\000e\000a\000s\000\040}{subsection.Alph2.3}% 60
